This file contains any messages produced by compilers while
running configure, to aid debugging if configure makes a mistake.

It was created by quid configure 1.0, which was
generated by GNU Autoconf 2.69.  Invocation command line was

  $ ./configure 

## --------- ##
## Platform. ##
## --------- ##

hostname = debdev
uname -m = x86_64
uname -r = 3.2.0-4-amd64
uname -s = Linux
uname -v = #1 SMP Debian 3.2.57-3+deb7u2

/usr/bin/uname -p = unknown
/bin/uname -X     = unknown

/bin/arch              = unknown
/usr/bin/arch -k       = unknown
/usr/convex/getsysinfo = unknown
/usr/bin/hostinfo      = unknown
/bin/machine           = unknown
/usr/bin/oslevel       = unknown
/bin/universe          = unknown

PATH: /usr/local/sbin
PATH: /usr/local/bin
PATH: /usr/sbin
PATH: /usr/bin
PATH: /sbin
PATH: /bin


## ----------- ##
## Core tests. ##
## ----------- ##

configure:2242: checking for a BSD-compatible install
configure:2310: result: /usr/bin/install -c
configure:2321: checking whether build environment is sane
configure:2371: result: yes
configure:2512: checking for a thread-safe mkdir -p
configure:2551: result: /bin/mkdir -p
configure:2564: checking for gawk
configure:2594: result: no
configure:2564: checking for mawk
configure:2580: found /usr/bin/mawk
configure:2591: result: mawk
configure:2602: checking whether make sets $(MAKE)
configure:2624: result: yes
configure:2755: checking for gcc
configure:2771: found /usr/bin/gcc
configure:2782: result: gcc
configure:3011: checking for C compiler version
configure:3020: gcc --version >&5
gcc (Debian 4.7.2-5) 4.7.2
Copyright (C) 2012 Free Software Foundation, Inc.
This is free software; see the source for copying conditions.  There is NO
warranty; not even for MERCHANTABILITY or FITNESS FOR A PARTICULAR PURPOSE.

configure:3031: $? = 0
configure:3020: gcc -v >&5
Using built-in specs.
COLLECT_GCC=gcc
COLLECT_LTO_WRAPPER=/usr/lib/gcc/x86_64-linux-gnu/4.7/lto-wrapper
Target: x86_64-linux-gnu
Configured with: ../src/configure -v --with-pkgversion='Debian 4.7.2-5' --with-bugurl=file:///usr/share/doc/gcc-4.7/README.Bugs --enable-languages=c,c++,go,fortran,objc,obj-c++ --prefix=/usr --program-suffix=-4.7 --enable-shared --enable-linker-build-id --with-system-zlib --libexecdir=/usr/lib --without-included-gettext --enable-threads=posix --with-gxx-include-dir=/usr/include/c++/4.7 --libdir=/usr/lib --enable-nls --with-sysroot=/ --enable-clocale=gnu --enable-libstdcxx-debug --enable-libstdcxx-time=yes --enable-gnu-unique-object --enable-plugin --enable-objc-gc --with-arch-32=i586 --with-tune=generic --enable-checking=release --build=x86_64-linux-gnu --host=x86_64-linux-gnu --target=x86_64-linux-gnu
Thread model: posix
gcc version 4.7.2 (Debian 4.7.2-5) 
configure:3031: $? = 0
configure:3020: gcc -V >&5
gcc: error: unrecognized command line option '-V'
gcc: fatal error: no input files
compilation terminated.
configure:3031: $? = 4
configure:3020: gcc -qversion >&5
gcc: error: unrecognized command line option '-qversion'
gcc: fatal error: no input files
compilation terminated.
configure:3031: $? = 4
configure:3051: checking whether the C compiler works
configure:3073: gcc    conftest.c  >&5
configure:3077: $? = 0
configure:3125: result: yes
configure:3128: checking for C compiler default output file name
configure:3130: result: a.out
configure:3136: checking for suffix of executables
configure:3143: gcc -o conftest    conftest.c  >&5
configure:3147: $? = 0
configure:3169: result: 
configure:3191: checking whether we are cross compiling
configure:3199: gcc -o conftest    conftest.c  >&5
configure:3203: $? = 0
configure:3210: ./conftest
configure:3214: $? = 0
configure:3229: result: no
configure:3234: checking for suffix of object files
configure:3256: gcc -c   conftest.c >&5
configure:3260: $? = 0
configure:3281: result: o
configure:3285: checking whether we are using the GNU C compiler
configure:3304: gcc -c   conftest.c >&5
configure:3304: $? = 0
configure:3313: result: yes
configure:3322: checking whether gcc accepts -g
configure:3342: gcc -c -g  conftest.c >&5
configure:3342: $? = 0
configure:3383: result: yes
configure:3400: checking for gcc option to accept ISO C89
configure:3463: gcc  -c -g -O2  conftest.c >&5
configure:3463: $? = 0
configure:3476: result: none needed
configure:3507: checking for style of include used by make
configure:3535: result: GNU
configure:3561: checking dependency style of gcc
configure:3672: result: gcc3
configure:3716: checking build system type
configure:3730: result: x86_64-unknown-linux-gnu
configure:3750: checking host system type
configure:3763: result: x86_64-unknown-linux-gnu
configure:3804: checking how to print strings
configure:3831: result: printf
configure:3852: checking for a sed that does not truncate output
configure:3916: result: /bin/sed
configure:3934: checking for grep that handles long lines and -e
configure:3992: result: /bin/grep
configure:3997: checking for egrep
configure:4059: result: /bin/grep -E
configure:4064: checking for fgrep
configure:4126: result: /bin/grep -F
configure:4161: checking for ld used by gcc
configure:4228: result: /usr/bin/ld
configure:4235: checking if the linker (/usr/bin/ld) is GNU ld
configure:4250: result: yes
configure:4262: checking for BSD- or MS-compatible name lister (nm)
configure:4311: result: /usr/bin/nm -B
configure:4441: checking the name lister (/usr/bin/nm -B) interface
configure:4448: gcc -c -g -O2  conftest.c >&5
configure:4451: /usr/bin/nm -B "conftest.o"
configure:4454: output
0000000000000000 B some_variable
configure:4461: result: BSD nm
configure:4464: checking whether ln -s works
configure:4468: result: yes
configure:4476: checking the maximum length of command line arguments
configure:4606: result: 1572864
configure:4623: checking whether the shell understands some XSI constructs
configure:4633: result: yes
configure:4637: checking whether the shell understands "+="
configure:4643: result: yes
configure:4678: checking how to convert x86_64-unknown-linux-gnu file names to x86_64-unknown-linux-gnu format
configure:4718: result: func_convert_file_noop
configure:4725: checking how to convert x86_64-unknown-linux-gnu file names to toolchain format
configure:4745: result: func_convert_file_noop
configure:4752: checking for /usr/bin/ld option to reload object files
configure:4759: result: -r
configure:4833: checking for objdump
configure:4849: found /usr/bin/objdump
configure:4860: result: objdump
configure:4892: checking how to recognize dependent libraries
configure:5090: result: pass_all
configure:5175: checking for dlltool
configure:5205: result: no
configure:5235: checking how to associate runtime and link libraries
configure:5262: result: printf %s\n
configure:5323: checking for ar
configure:5339: found /usr/bin/ar
configure:5350: result: ar
configure:5387: checking for archiver @FILE support
configure:5404: gcc -c -g -O2  conftest.c >&5
configure:5404: $? = 0
configure:5407: ar cru libconftest.a @conftest.lst >&5
configure:5410: $? = 0
configure:5415: ar cru libconftest.a @conftest.lst >&5
ar: conftest.o: No such file or directory
configure:5418: $? = 1
configure:5430: result: @
configure:5488: checking for strip
configure:5504: found /usr/bin/strip
configure:5515: result: strip
configure:5587: checking for ranlib
configure:5603: found /usr/bin/ranlib
configure:5614: result: ranlib
configure:5716: checking command to parse /usr/bin/nm -B output from gcc object
configure:5836: gcc -c -g -O2  conftest.c >&5
configure:5839: $? = 0
configure:5843: /usr/bin/nm -B conftest.o \| sed -n -e 's/^.*[ ]\([ABCDGIRSTW][ABCDGIRSTW]*\)[ ][ ]*\([_A-Za-z][_A-Za-z0-9]*\)$/\1 \2 \2/p' | sed '/ __gnu_lto/d' \> conftest.nm
configure:5846: $? = 0
configure:5912: gcc -o conftest -g -O2   conftest.c conftstm.o >&5
configure:5915: $? = 0
configure:5953: result: ok
configure:5990: checking for sysroot
configure:6020: result: no
configure:6097: gcc -c -g -O2  conftest.c >&5
configure:6100: $? = 0
configure:6276: checking for mt
configure:6292: found /bin/mt
configure:6303: result: mt
configure:6326: checking if mt is a manifest tool
configure:6332: mt '-?'
configure:6340: result: no
configure:6982: checking how to run the C preprocessor
configure:7013: gcc -E  conftest.c
configure:7013: $? = 0
configure:7027: gcc -E  conftest.c
conftest.c:11:28: fatal error: ac_nonexistent.h: No such file or directory
compilation terminated.
configure:7027: $? = 1
configure: failed program was:
| /* confdefs.h */
| #define PACKAGE_NAME "quid"
| #define PACKAGE_TARNAME "quid"
| #define PACKAGE_VERSION "1.0"
| #define PACKAGE_STRING "quid 1.0"
| #define PACKAGE_BUGREPORT "tech@quenza.net"
| #define PACKAGE_URL ""
| #define PACKAGE "quid"
| #define VERSION "1.0"
| /* end confdefs.h.  */
| #include <ac_nonexistent.h>
configure:7052: result: gcc -E
configure:7072: gcc -E  conftest.c
configure:7072: $? = 0
configure:7086: gcc -E  conftest.c
conftest.c:11:28: fatal error: ac_nonexistent.h: No such file or directory
compilation terminated.
configure:7086: $? = 1
configure: failed program was:
| /* confdefs.h */
| #define PACKAGE_NAME "quid"
| #define PACKAGE_TARNAME "quid"
| #define PACKAGE_VERSION "1.0"
| #define PACKAGE_STRING "quid 1.0"
| #define PACKAGE_BUGREPORT "tech@quenza.net"
| #define PACKAGE_URL ""
| #define PACKAGE "quid"
| #define VERSION "1.0"
| /* end confdefs.h.  */
| #include <ac_nonexistent.h>
configure:7115: checking for ANSI C header files
configure:7135: gcc -c -g -O2  conftest.c >&5
configure:7135: $? = 0
configure:7208: gcc -o conftest -g -O2   conftest.c  >&5
configure:7208: $? = 0
configure:7208: ./conftest
configure:7208: $? = 0
configure:7219: result: yes
configure:7232: checking for sys/types.h
configure:7232: gcc -c -g -O2  conftest.c >&5
configure:7232: $? = 0
configure:7232: result: yes
configure:7232: checking for sys/stat.h
configure:7232: gcc -c -g -O2  conftest.c >&5
configure:7232: $? = 0
configure:7232: result: yes
configure:7232: checking for stdlib.h
configure:7232: gcc -c -g -O2  conftest.c >&5
configure:7232: $? = 0
configure:7232: result: yes
configure:7232: checking for string.h
configure:7232: gcc -c -g -O2  conftest.c >&5
configure:7232: $? = 0
configure:7232: result: yes
configure:7232: checking for memory.h
configure:7232: gcc -c -g -O2  conftest.c >&5
configure:7232: $? = 0
configure:7232: result: yes
configure:7232: checking for strings.h
configure:7232: gcc -c -g -O2  conftest.c >&5
configure:7232: $? = 0
configure:7232: result: yes
configure:7232: checking for inttypes.h
configure:7232: gcc -c -g -O2  conftest.c >&5
configure:7232: $? = 0
configure:7232: result: yes
configure:7232: checking for stdint.h
configure:7232: gcc -c -g -O2  conftest.c >&5
configure:7232: $? = 0
configure:7232: result: yes
configure:7232: checking for unistd.h
configure:7232: gcc -c -g -O2  conftest.c >&5
configure:7232: $? = 0
configure:7232: result: yes
configure:7246: checking for dlfcn.h
configure:7246: gcc -c -g -O2  conftest.c >&5
configure:7246: $? = 0
configure:7246: result: yes
configure:7452: checking for objdir
configure:7467: result: .libs
configure:7734: checking if gcc supports -fno-rtti -fno-exceptions
configure:7752: gcc -c -g -O2  -fno-rtti -fno-exceptions conftest.c >&5
cc1: warning: command line option '-fno-rtti' is valid for C++/ObjC++ but not for C [enabled by default]
configure:7756: $? = 0
configure:7769: result: no
configure:8096: checking for gcc option to produce PIC
configure:8103: result: -fPIC -DPIC
configure:8111: checking if gcc PIC flag -fPIC -DPIC works
configure:8129: gcc -c -g -O2  -fPIC -DPIC -DPIC conftest.c >&5
configure:8133: $? = 0
configure:8146: result: yes
configure:8175: checking if gcc static flag -static works
configure:8203: result: yes
configure:8218: checking if gcc supports -c -o file.o
configure:8239: gcc -c -g -O2  -o out/conftest2.o conftest.c >&5
configure:8243: $? = 0
configure:8265: result: yes
configure:8273: checking if gcc supports -c -o file.o
configure:8320: result: yes
configure:8353: checking whether the gcc linker (/usr/bin/ld -m elf_x86_64) supports shared libraries
configure:9510: result: yes
configure:9547: checking whether -lc should be explicitly linked in
configure:9555: gcc -c -g -O2  conftest.c >&5
configure:9558: $? = 0
configure:9573: gcc -shared  -fPIC -DPIC conftest.o  -v -Wl,-soname -Wl,conftest -o conftest 2\>\&1 \| /bin/grep  -lc  \>/dev/null 2\>\&1
configure:9576: $? = 0
configure:9590: result: no
configure:9750: checking dynamic linker characteristics
configure:10250: gcc -o conftest -g -O2   -Wl,-rpath -Wl,/foo conftest.c  >&5
configure:10250: $? = 0
configure:10484: result: GNU/Linux ld.so
configure:10591: checking how to hardcode library paths into programs
configure:10616: result: immediate
configure:11156: checking whether stripping libraries is possible
configure:11161: result: yes
configure:11196: checking if libtool supports shared libraries
configure:11198: result: yes
configure:11201: checking whether to build shared libraries
configure:11222: result: yes
configure:11225: checking whether to build static libraries
configure:11229: result: yes
configure:11273: checking for clock_gettime in -lrt
configure:11298: gcc -o conftest -g -O2   conftest.c -lrt   >&5
configure:11298: $? = 0
configure:11307: result: yes
configure:11323: checking stdio.h usability
configure:11323: gcc -c -g -O2  conftest.c >&5
configure:11323: $? = 0
configure:11323: result: yes
configure:11323: checking stdio.h presence
configure:11323: gcc -E  conftest.c
configure:11323: $? = 0
configure:11323: result: yes
configure:11323: checking for stdio.h
configure:11323: result: yes
configure:11323: checking time.h usability
configure:11323: gcc -c -g -O2  conftest.c >&5
configure:11323: $? = 0
configure:11323: result: yes
configure:11323: checking time.h presence
configure:11323: gcc -E  conftest.c
configure:11323: $? = 0
configure:11323: result: yes
configure:11323: checking for time.h
configure:11323: result: yes
configure:11323: checking sys/time.h usability
configure:11323: gcc -c -g -O2  conftest.c >&5
configure:11323: $? = 0
configure:11323: result: yes
configure:11323: checking sys/time.h presence
configure:11323: gcc -E  conftest.c
configure:11323: $? = 0
configure:11323: result: yes
configure:11323: checking for sys/time.h
configure:11323: result: yes
configure:11323: checking ctype.h usability
configure:11323: gcc -c -g -O2  conftest.c >&5
configure:11323: $? = 0
configure:11323: result: yes
configure:11323: checking ctype.h presence
configure:11323: gcc -E  conftest.c
configure:11323: $? = 0
configure:11323: result: yes
configure:11323: checking for ctype.h
configure:11323: result: yes
configure:11338: checking for clock_gettime
configure:11338: gcc -o conftest -g -O2   conftest.c -lrt  >&5
configure:11338: $? = 0
configure:11338: result: yes
configure:11338: checking for gettimeofday
configure:11338: gcc -o conftest -g -O2   conftest.c -lrt  >&5
configure:11338: $? = 0
configure:11338: result: yes
configure:11338: checking for strtol
configure:11338: gcc -o conftest -g -O2   conftest.c -lrt  >&5
configure:11338: $? = 0
configure:11338: result: yes
configure:11518: creating ./config.status

## ---------------------- ##
## Running config.status. ##
## ---------------------- ##

This file was extended by quid config.status 1.0, which was
generated by GNU Autoconf 2.69.  Invocation command line was

  CONFIG_FILES    = 
  CONFIG_HEADERS  = 
  CONFIG_LINKS    = 
  CONFIG_COMMANDS = 
  $ ./config.status 

on debdev

config.status:1002: creating Makefile
config.status:1002: creating src/Makefile
config.status:1002: creating include/Makefile
config.status:1002: creating utils/Makefile
config.status:1174: executing depfiles commands
config.status:1174: executing libtool commands

## ---------------- ##
## Cache variables. ##
## ---------------- ##

ac_cv_build=x86_64-unknown-linux-gnu
ac_cv_c_compiler_gnu=yes
ac_cv_env_CC_set=
ac_cv_env_CC_value=
ac_cv_env_CFLAGS_set=
ac_cv_env_CFLAGS_value=
ac_cv_env_CPPFLAGS_set=
ac_cv_env_CPPFLAGS_value=
ac_cv_env_CPP_set=
ac_cv_env_CPP_value=
ac_cv_env_LDFLAGS_set=
ac_cv_env_LDFLAGS_value=
ac_cv_env_LIBS_set=
ac_cv_env_LIBS_value=
ac_cv_env_build_alias_set=
ac_cv_env_build_alias_value=
ac_cv_env_host_alias_set=
ac_cv_env_host_alias_value=
ac_cv_env_target_alias_set=
ac_cv_env_target_alias_value=
ac_cv_func_clock_gettime=yes
ac_cv_func_gettimeofday=yes
ac_cv_func_strtol=yes
ac_cv_header_ctype_h=yes
ac_cv_header_dlfcn_h=yes
ac_cv_header_inttypes_h=yes
ac_cv_header_memory_h=yes
ac_cv_header_stdc=yes
ac_cv_header_stdint_h=yes
ac_cv_header_stdio_h=yes
ac_cv_header_stdlib_h=yes
ac_cv_header_string_h=yes
ac_cv_header_strings_h=yes
ac_cv_header_sys_stat_h=yes
ac_cv_header_sys_time_h=yes
ac_cv_header_sys_types_h=yes
ac_cv_header_time_h=yes
ac_cv_header_unistd_h=yes
ac_cv_host=x86_64-unknown-linux-gnu
ac_cv_lib_rt_clock_gettime=yes
ac_cv_objext=o
ac_cv_path_EGREP='/bin/grep -E'
ac_cv_path_FGREP='/bin/grep -F'
ac_cv_path_GREP=/bin/grep
ac_cv_path_SED=/bin/sed
ac_cv_path_install='/usr/bin/install -c'
ac_cv_path_mkdir=/bin/mkdir
ac_cv_prog_AWK=mawk
ac_cv_prog_CPP='gcc -E'
ac_cv_prog_ac_ct_AR=ar
ac_cv_prog_ac_ct_CC=gcc
ac_cv_prog_ac_ct_MANIFEST_TOOL=mt
ac_cv_prog_ac_ct_OBJDUMP=objdump
ac_cv_prog_ac_ct_RANLIB=ranlib
ac_cv_prog_ac_ct_STRIP=strip
ac_cv_prog_cc_c89=
ac_cv_prog_cc_g=yes
ac_cv_prog_make_make_set=yes
am_cv_CC_dependencies_compiler_type=gcc3
lt_cv_ar_at_file=@
lt_cv_archive_cmds_need_lc=no
lt_cv_deplibs_check_method=pass_all
lt_cv_file_magic_cmd='$MAGIC_CMD'
lt_cv_file_magic_test_file=
lt_cv_ld_reload_flag=-r
lt_cv_nm_interface='BSD nm'
lt_cv_objdir=.libs
lt_cv_path_LD=/usr/bin/ld
lt_cv_path_NM='/usr/bin/nm -B'
lt_cv_path_mainfest_tool=no
lt_cv_prog_compiler_c_o=yes
lt_cv_prog_compiler_pic='-fPIC -DPIC'
lt_cv_prog_compiler_pic_works=yes
lt_cv_prog_compiler_rtti_exceptions=no
lt_cv_prog_compiler_static_works=yes
lt_cv_prog_gnu_ld=yes
lt_cv_sharedlib_from_linklib_cmd='printf %s\n'
lt_cv_shlibpath_overrides_runpath=no
lt_cv_sys_global_symbol_pipe='sed -n -e '\''s/^.*[	 ]\([ABCDGIRSTW][ABCDGIRSTW]*\)[	 ][	 ]*\([_A-Za-z][_A-Za-z0-9]*\)$/\1 \2 \2/p'\'' | sed '\''/ __gnu_lto/d'\'''
lt_cv_sys_global_symbol_to_c_name_address='sed -n -e '\''s/^: \([^ ]*\)[ ]*$/  {\"\1\", (void *) 0},/p'\'' -e '\''s/^[ABCDGIRSTW]* \([^ ]*\) \([^ ]*\)$/  {"\2", (void *) \&\2},/p'\'''
lt_cv_sys_global_symbol_to_c_name_address_lib_prefix='sed -n -e '\''s/^: \([^ ]*\)[ ]*$/  {\"\1\", (void *) 0},/p'\'' -e '\''s/^[ABCDGIRSTW]* \([^ ]*\) \(lib[^ ]*\)$/  {"\2", (void *) \&\2},/p'\'' -e '\''s/^[ABCDGIRSTW]* \([^ ]*\) \([^ ]*\)$/  {"lib\2", (void *) \&\2},/p'\'''
lt_cv_sys_global_symbol_to_cdecl='sed -n -e '\''s/^T .* \(.*\)$/extern int \1();/p'\'' -e '\''s/^[ABCDGIRSTW]* .* \(.*\)$/extern char \1;/p'\'''
lt_cv_sys_max_cmd_len=1572864
lt_cv_to_host_file_cmd=func_convert_file_noop
lt_cv_to_tool_file_cmd=func_convert_file_noop

## ----------------- ##
## Output variables. ##
## ----------------- ##

ACLOCAL='${SHELL} /root/project/QUID/missing --run aclocal-1.11'
AMDEPBACKSLASH='\'
AMDEP_FALSE='#'
AMDEP_TRUE=''
AMTAR='$${TAR-tar}'
AR='ar'
AUTOCONF='${SHELL} /root/project/QUID/missing --run autoconf'
AUTOHEADER='${SHELL} /root/project/QUID/missing --run autoheader'
AUTOMAKE='${SHELL} /root/project/QUID/missing --run automake-1.11'
AWK='mawk'
CC='gcc'
CCDEPMODE='depmode=gcc3'
CFLAGS='-g -O2'
CPP='gcc -E'
CPPFLAGS=''
CYGPATH_W='echo'
DEFS='-DPACKAGE_NAME=\"quid\" -DPACKAGE_TARNAME=\"quid\" -DPACKAGE_VERSION=\"1.0\" -DPACKAGE_STRING=\"quid\ 1.0\" -DPACKAGE_BUGREPORT=\"tech@quenza.net\" -DPACKAGE_URL=\"\" -DPACKAGE=\"quid\" -DVERSION=\"1.0\" -DSTDC_HEADERS=1 -DHAVE_SYS_TYPES_H=1 -DHAVE_SYS_STAT_H=1 -DHAVE_STDLIB_H=1 -DHAVE_STRING_H=1 -DHAVE_MEMORY_H=1 -DHAVE_STRINGS_H=1 -DHAVE_INTTYPES_H=1 -DHAVE_STDINT_H=1 -DHAVE_UNISTD_H=1 -DHAVE_DLFCN_H=1 -DLT_OBJDIR=\".libs/\" -DHAVE_LIBRT=1 -DHAVE_STDIO_H=1 -DHAVE_TIME_H=1 -DHAVE_SYS_TIME_H=1 -DHAVE_CTYPE_H=1 -DHAVE_CLOCK_GETTIME=1 -DHAVE_GETTIMEOFDAY=1 -DHAVE_STRTOL=1'
DEPDIR='.deps'
DLLTOOL='false'
DSYMUTIL=''
DUMPBIN=''
ECHO_C=''
ECHO_N='-n'
ECHO_T=''
EGREP='/bin/grep -E'
EXEEXT=''
FGREP='/bin/grep -F'
GREP='/bin/grep'
INSTALL_DATA='${INSTALL} -m 644'
INSTALL_PROGRAM='${INSTALL}'
INSTALL_SCRIPT='${INSTALL}'
INSTALL_STRIP_PROGRAM='$(install_sh) -c -s'
LD='/usr/bin/ld -m elf_x86_64'
LDFLAGS=''
LIBOBJS=''
LIBS='-lrt '
LIBTOOL='$(SHELL) $(top_builddir)/libtool'
LIPO=''
LN_S='ln -s'
LTLIBOBJS=''
MAKEINFO='${SHELL} /root/project/QUID/missing --run makeinfo'
MANIFEST_TOOL=':'
MKDIR_P='/bin/mkdir -p'
NM='/usr/bin/nm -B'
NMEDIT=''
OBJDUMP='objdump'
OBJEXT='o'
OTOOL64=''
OTOOL=''
PACKAGE='quid'
PACKAGE_BUGREPORT='tech@quenza.net'
PACKAGE_NAME='quid'
PACKAGE_STRING='quid 1.0'
PACKAGE_TARNAME='quid'
PACKAGE_URL=''
PACKAGE_VERSION='1.0'
PATH_SEPARATOR=':'
RANLIB='ranlib'
SED='/bin/sed'
SET_MAKE=''
SHELL='/bin/bash'
STRIP='strip'
VERSION='1.0'
ac_ct_AR='ar'
ac_ct_CC='gcc'
ac_ct_DUMPBIN=''
am__EXEEXT_FALSE=''
am__EXEEXT_TRUE='#'
am__fastdepCC_FALSE='#'
am__fastdepCC_TRUE=''
am__include='include'
am__isrc=''
am__leading_dot='.'
am__nodep='_no'
am__quote=''
am__tar='$${TAR-tar} chof - "$$tardir"'
am__untar='$${TAR-tar} xf -'
bindir='${exec_prefix}/bin'
build='x86_64-unknown-linux-gnu'
build_alias=''
build_cpu='x86_64'
build_os='linux-gnu'
build_vendor='unknown'
datadir='${datarootdir}'
datarootdir='${prefix}/share'
docdir='${datarootdir}/doc/${PACKAGE_TARNAME}'
dvidir='${docdir}'
exec_prefix='${prefix}'
host='x86_64-unknown-linux-gnu'
host_alias=''
host_cpu='x86_64'
host_os='linux-gnu'
host_vendor='unknown'
htmldir='${docdir}'
includedir='${prefix}/include'
infodir='${datarootdir}/info'
install_sh='${SHELL} /root/project/QUID/install-sh'
libdir='${exec_prefix}/lib'
libexecdir='${exec_prefix}/libexec'
localedir='${datarootdir}/locale'
localstatedir='${prefix}/var'
mandir='${datarootdir}/man'
mkdir_p='/bin/mkdir -p'
oldincludedir='/usr/include'
pdfdir='${docdir}'
prefix='/usr'
program_transform_name='s,x,x,'
psdir='${docdir}'
sbindir='${exec_prefix}/sbin'
sharedstatedir='${prefix}/com'
sysconfdir='${prefix}/etc'
target_alias=''

## ----------- ##
## confdefs.h. ##
## ----------- ##

/* confdefs.h */
#define PACKAGE_NAME "quid"
#define PACKAGE_TARNAME "quid"
#define PACKAGE_VERSION "1.0"
#define PACKAGE_STRING "quid 1.0"
#define PACKAGE_BUGREPORT "tech@quenza.net"
#define PACKAGE_URL ""
#define PACKAGE "quid"
#define VERSION "1.0"
#define STDC_HEADERS 1
#define HAVE_SYS_TYPES_H 1
#define HAVE_SYS_STAT_H 1
#define HAVE_STDLIB_H 1
#define HAVE_STRING_H 1
#define HAVE_MEMORY_H 1
#define HAVE_STRINGS_H 1
#define HAVE_INTTYPES_H 1
#define HAVE_STDINT_H 1
#define HAVE_UNISTD_H 1
#define HAVE_DLFCN_H 1
#define LT_OBJDIR ".libs/"
#define HAVE_LIBRT 1
#define HAVE_STDIO_H 1
#define HAVE_TIME_H 1
#define HAVE_SYS_TIME_H 1
#define HAVE_CTYPE_H 1
#define HAVE_CLOCK_GETTIME 1
#define HAVE_GETTIMEOFDAY 1
#define HAVE_STRTOL 1

configure: exit 0
